<?xml version="1.0" encoding="UTF-8"?>
<!-- Generated by org.testng.reporters.JUnitReportReporter -->
<testsuite hostname="DESKTOP-OGE3BNI" failures="0" tests="1" name="com.example.tests.SeleniumTest" time="3.250" errors="0" timestamp="2025-02-25T23:00:57 CET" skipped="0">
  <testcase classname="com.example.tests.SeleniumTest" name="testGoogleTitle" time="3.250"/>
  <system-out/>
</testsuite> <!-- com.example.tests.SeleniumTest -->
